Tue Feb  3 09:55:13 PM UTC 2026: Starting CommonCrawl mining...
Tue Feb  3 09:55:14 PM UTC 2026: Checking CC-MAIN-2026-04...
Tue Feb  3 09:55:17 PM UTC 2026: Checking CC-MAIN-2025-51...
Tue Feb  3 09:55:20 PM UTC 2026: Checking CC-MAIN-2025-47...
Tue Feb  3 09:55:24 PM UTC 2026: Checking CC-MAIN-2025-43...
Tue Feb  3 09:55:27 PM UTC 2026: Checking CC-MAIN-2025-38...
Tue Feb  3 09:55:31 PM UTC 2026: Checking CC-MAIN-2025-33...
Tue Feb  3 09:55:34 PM UTC 2026: Checking CC-MAIN-2025-30...
Tue Feb  3 09:55:37 PM UTC 2026: Checking CC-MAIN-2025-26...
Tue Feb  3 09:55:41 PM UTC 2026: Checking CC-MAIN-2025-21...
Tue Feb  3 09:55:44 PM UTC 2026: Checking CC-MAIN-2025-18...
Tue Feb  3 09:55:47 PM UTC 2026: Checking CC-MAIN-2025-13...
Tue Feb  3 09:55:51 PM UTC 2026: Checking CC-MAIN-2025-08...
Tue Feb  3 09:55:54 PM UTC 2026: Checking CC-MAIN-2025-05...
Tue Feb  3 09:55:58 PM UTC 2026: Checking CC-MAIN-2024-51...
Tue Feb  3 09:56:01 PM UTC 2026: Checking CC-MAIN-2024-46...
Tue Feb  3 09:56:04 PM UTC 2026: Checking CC-MAIN-2024-42...
Tue Feb  3 09:56:08 PM UTC 2026: Checking CC-MAIN-2024-38...
Tue Feb  3 09:56:11 PM UTC 2026: Checking CC-MAIN-2024-33...
Tue Feb  3 09:56:14 PM UTC 2026: Checking CC-MAIN-2024-30...
Tue Feb  3 09:56:18 PM UTC 2026: Checking CC-MAIN-2024-26...
Tue Feb  3 09:56:21 PM UTC 2026: Checking CC-MAIN-2024-22...
Tue Feb  3 09:56:24 PM UTC 2026: Checking CC-MAIN-2024-18...
Tue Feb  3 09:56:28 PM UTC 2026: Checking CC-MAIN-2024-10...
Tue Feb  3 09:56:31 PM UTC 2026: Checking CC-MAIN-2023-50...
Tue Feb  3 09:56:35 PM UTC 2026: Checking CC-MAIN-2023-40...
Tue Feb  3 09:56:38 PM UTC 2026: Checking CC-MAIN-2023-23...
Tue Feb  3 09:56:41 PM UTC 2026: Checking CC-MAIN-2023-14...
Tue Feb  3 09:56:45 PM UTC 2026: Checking CC-MAIN-2023-06...
Tue Feb  3 09:56:48 PM UTC 2026: Checking CC-MAIN-2022-49...
Tue Feb  3 09:56:52 PM UTC 2026: Checking CC-MAIN-2022-40...
Tue Feb  3 09:56:56 PM UTC 2026: Checking CC-MAIN-2022-33...
Tue Feb  3 09:56:59 PM UTC 2026: Checking CC-MAIN-2022-27...
Tue Feb  3 09:57:03 PM UTC 2026: Checking CC-MAIN-2022-21...
Tue Feb  3 09:57:06 PM UTC 2026: Checking CC-MAIN-2022-05...
Tue Feb  3 09:57:10 PM UTC 2026: Checking CC-MAIN-2021-49...
Tue Feb  3 09:57:14 PM UTC 2026: Checking CC-MAIN-2021-43...
Tue Feb  3 09:57:17 PM UTC 2026: Checking CC-MAIN-2021-39...
Tue Feb  3 09:57:21 PM UTC 2026: Checking CC-MAIN-2021-31...
Tue Feb  3 09:57:24 PM UTC 2026: Checking CC-MAIN-2021-25...
Tue Feb  3 09:57:28 PM UTC 2026: Checking CC-MAIN-2021-21...
Tue Feb  3 09:57:32 PM UTC 2026: Checking CC-MAIN-2021-17...
Tue Feb  3 09:57:35 PM UTC 2026: Checking CC-MAIN-2021-10...
Tue Feb  3 09:57:39 PM UTC 2026: Checking CC-MAIN-2021-04...
Tue Feb  3 09:57:42 PM UTC 2026: Checking CC-MAIN-2020-50...
Tue Feb  3 09:57:46 PM UTC 2026: Checking CC-MAIN-2020-45...
Tue Feb  3 09:57:49 PM UTC 2026: Checking CC-MAIN-2020-40...
Tue Feb  3 09:57:53 PM UTC 2026: Checking CC-MAIN-2020-34...
Tue Feb  3 09:57:56 PM UTC 2026: Checking CC-MAIN-2020-29...
Tue Feb  3 09:58:00 PM UTC 2026: Checking CC-MAIN-2020-24...
Tue Feb  3 09:58:04 PM UTC 2026: Checking CC-MAIN-2020-16...
Tue Feb  3 09:58:07 PM UTC 2026: Checking CC-MAIN-2020-10...
Tue Feb  3 09:58:10 PM UTC 2026: Checking CC-MAIN-2020-05...
Tue Feb  3 09:58:14 PM UTC 2026: Checking CC-MAIN-2019-51...
Tue Feb  3 09:58:17 PM UTC 2026: Checking CC-MAIN-2019-47...
Tue Feb  3 09:58:21 PM UTC 2026: Checking CC-MAIN-2019-43...
Tue Feb  3 09:58:24 PM UTC 2026: Checking CC-MAIN-2019-39...
Tue Feb  3 09:58:28 PM UTC 2026: Checking CC-MAIN-2019-35...
Tue Feb  3 09:58:31 PM UTC 2026: Checking CC-MAIN-2019-30...
Tue Feb  3 09:58:35 PM UTC 2026: Checking CC-MAIN-2019-26...
Tue Feb  3 09:58:38 PM UTC 2026: Checking CC-MAIN-2019-22...
Tue Feb  3 09:58:41 PM UTC 2026: Checking CC-MAIN-2019-18...
Tue Feb  3 09:58:45 PM UTC 2026: Checking CC-MAIN-2019-13...
Tue Feb  3 09:58:48 PM UTC 2026: Checking CC-MAIN-2019-09...
Tue Feb  3 09:58:52 PM UTC 2026: Checking CC-MAIN-2019-04...
Tue Feb  3 09:58:56 PM UTC 2026: Checking CC-MAIN-2018-51...
Tue Feb  3 09:59:00 PM UTC 2026: Checking CC-MAIN-2018-47...
Tue Feb  3 09:59:04 PM UTC 2026: Checking CC-MAIN-2018-43...
Tue Feb  3 09:59:08 PM UTC 2026: Checking CC-MAIN-2018-39...
Tue Feb  3 09:59:12 PM UTC 2026: Checking CC-MAIN-2018-34...
Tue Feb  3 09:59:17 PM UTC 2026: Checking CC-MAIN-2018-30...
Tue Feb  3 09:59:21 PM UTC 2026: Checking CC-MAIN-2018-26...
Tue Feb  3 09:59:25 PM UTC 2026: Checking CC-MAIN-2018-22...
Tue Feb  3 09:59:29 PM UTC 2026: Checking CC-MAIN-2018-17...
Tue Feb  3 09:59:33 PM UTC 2026: Checking CC-MAIN-2018-13...
Tue Feb  3 09:59:37 PM UTC 2026: Checking CC-MAIN-2018-09...
Tue Feb  3 09:59:41 PM UTC 2026: Checking CC-MAIN-2018-05...
Tue Feb  3 09:59:45 PM UTC 2026: Checking CC-MAIN-2017-51...
Tue Feb  3 09:59:49 PM UTC 2026: Checking CC-MAIN-2017-47...
Tue Feb  3 09:59:53 PM UTC 2026: Checking CC-MAIN-2017-43...
Tue Feb  3 09:59:57 PM UTC 2026: Checking CC-MAIN-2017-39...
Tue Feb  3 10:00:01 PM UTC 2026: Checking CC-MAIN-2017-34...
Tue Feb  3 10:00:04 PM UTC 2026: Checking CC-MAIN-2017-30...
Tue Feb  3 10:00:08 PM UTC 2026: Checking CC-MAIN-2017-26...
Tue Feb  3 10:00:12 PM UTC 2026: Checking CC-MAIN-2017-22...
Tue Feb  3 10:00:16 PM UTC 2026: Checking CC-MAIN-2017-17...
Tue Feb  3 10:00:19 PM UTC 2026: Checking CC-MAIN-2017-13...
Tue Feb  3 10:00:23 PM UTC 2026: Checking CC-MAIN-2017-09...
Tue Feb  3 10:00:27 PM UTC 2026: Checking CC-MAIN-2017-04...
Tue Feb  3 10:00:30 PM UTC 2026: Checking CC-MAIN-2016-50...
Tue Feb  3 10:00:33 PM UTC 2026: Checking CC-MAIN-2016-44...
Tue Feb  3 10:00:37 PM UTC 2026: Checking CC-MAIN-2016-40...
Tue Feb  3 10:00:41 PM UTC 2026: Checking CC-MAIN-2016-36...
Tue Feb  3 10:00:44 PM UTC 2026: Checking CC-MAIN-2016-30...
Tue Feb  3 10:00:48 PM UTC 2026: Checking CC-MAIN-2016-26...
Tue Feb  3 10:00:51 PM UTC 2026: Checking CC-MAIN-2016-22...
Tue Feb  3 10:00:54 PM UTC 2026: Checking CC-MAIN-2016-18...
Tue Feb  3 10:00:57 PM UTC 2026: Checking CC-MAIN-2016-07...
Tue Feb  3 10:01:01 PM UTC 2026: Checking CC-MAIN-2015-48...
Tue Feb  3 10:01:04 PM UTC 2026: Checking CC-MAIN-2015-40...
Tue Feb  3 10:01:07 PM UTC 2026: Checking CC-MAIN-2015-35...
Tue Feb  3 10:01:10 PM UTC 2026: Checking CC-MAIN-2015-32...
Tue Feb  3 10:01:14 PM UTC 2026: Checking CC-MAIN-2015-27...
Tue Feb  3 10:01:17 PM UTC 2026: Checking CC-MAIN-2015-22...
Tue Feb  3 10:01:20 PM UTC 2026: Checking CC-MAIN-2015-18...
Tue Feb  3 10:01:23 PM UTC 2026: Checking CC-MAIN-2015-14...
Tue Feb  3 10:01:26 PM UTC 2026: Checking CC-MAIN-2015-11...
Tue Feb  3 10:01:29 PM UTC 2026: Checking CC-MAIN-2015-06...
Tue Feb  3 10:01:32 PM UTC 2026: Checking CC-MAIN-2014-52...
Tue Feb  3 10:01:35 PM UTC 2026: Checking CC-MAIN-2014-49...
Tue Feb  3 10:01:38 PM UTC 2026: Checking CC-MAIN-2014-42...
Tue Feb  3 10:01:42 PM UTC 2026: Checking CC-MAIN-2014-41...
Tue Feb  3 10:01:45 PM UTC 2026: Checking CC-MAIN-2014-35...
Tue Feb  3 10:01:48 PM UTC 2026: Checking CC-MAIN-2014-23...
Tue Feb  3 10:01:51 PM UTC 2026: Checking CC-MAIN-2014-15...
Tue Feb  3 10:01:54 PM UTC 2026: Checking CC-MAIN-2014-10...
Tue Feb  3 10:01:57 PM UTC 2026: Checking CC-MAIN-2013-48...
Tue Feb  3 10:02:00 PM UTC 2026: Checking CC-MAIN-2013-20...
Tue Feb  3 10:02:03 PM UTC 2026: Checking CC-MAIN-2012...
Tue Feb  3 10:02:06 PM UTC 2026: Checking CC-MAIN-2009-2010...
Tue Feb  3 10:02:09 PM UTC 2026: Checking CC-MAIN-2008-2009...
Tue Feb  3 10:02:14 PM UTC 2026: Pushed updates. Total: 3613
Tue Feb  3 10:02:14 PM UTC 2026: Mining complete
