Resuming from index 23...
Enriching 1243 remaining entries with Wayback data...
[24/1266] 2% allschools: ✓ 2014-03-17 → 2014-03-17
[25/1266] 2% alpenaschools: ✓ 2013-04-16 → 2025-06-04
[26/1266] 2% alshomoukh: ✗ no data
[27/1266] 2% altavista: ✓ 2018-11-29 → 2019-10-14
[28/1266] 2% amboy-junior2: ✓ 2019-10-20 → 2019-10-20
[29/1266] 2% amsterdam: ✓ 2019-12-06 → 2024-07-14
[30/1266] 2% anne-sullivan-communication-center: ✗ no data
[31/1266] 2% antelope-creek: ✗ no data
[32/1266] 3% apex-elementary-school: ✓ 2020-10-21 → 2020-10-21
[33/1266] 3% apex-elementary: ✗ no data
ation-center: ✗ no data
[31/1266] 2% antelope-creek: ✗ no data
[32/1266] 3% apex-elementary-school: ✓ 2020-10-21 → 2020-10-21
[33/1266] 3% apex-elementary: ✗ no data
[34/1266] 3% appleton: ✓ 2017-05-09 → 2022-08-11
[35/1266] 3% apsva: ✓ 2019-10-16 → 2025-12-09
[36/1266] 3% arborland: ✗ no data
[37/1266] 3% arcadia-wi-school: ✗ no data
[38/1266] 3% archdale-elementary-school: ✗ no data
[39/1266] 3% ardmore: ✗ no data
[40/1266] 3% arlingtonsciencefocusschool: ✓ 2022-12-09 → 2022-12-09
[41/1266] 3% arlmiddleschool: ✓ 2013-05-17 → 2019-06-28
[42/1266] 3% armstrong-elementary: ✓ 2019-10-15 → 2020-10-29
[43/1266] 3% arsu: ✗ no data
[44/1266] 3% asaadams: ✓ 2019-10-15 → 2025-02-19
[45/1266] 4% asbschool: ✗ no data
[46/1266] 4% ascs-typing: ✓ 2016-11-22 → 2019-10-19
[47/1266] 4% asdk12-cte: ✗ no data
[48/1266] 4% ashby-elementary: ✗ no data
